<?xml version="1.0" encoding="UTF-8"?>
<testsuite xmlns:xsi="http://www.w3.org/2001/XMLSchema-instance" xsi:noNamespaceSchemaLocation="https://maven.apache.org/surefire/maven-surefire-plugin/xsd/surefire-test-report.xsd" name="com.BlogAdminApplicationTests" time="15.194" tests="4" errors="0" skipped="0" failures="0">
  <properties>
[...]
</properties>
  <testcase name="CreateUserName" classname="com.BlogAdminApplicationTests" time="0.427"/>
  <testcase name="contextLoads" classname="com.BlogAdminApplicationTests" time="0.005"/>
  <testcase name="RawPassword" classname="com.BlogAdminApplicationTests" time="0.083"/>
  <testcase name="Encode" classname="com.BlogAdminApplicationTests" time="0.074"/>
</testsuite>